-------------------------------------------------------------------------------
Test set: com.example.delivery.delivery_backend.ProdutosMicroserviceApplicationTests
-------------------------------------------------------------------------------
Tests run: 1, Failures: 0, Errors: 1, Skipped: 0, Time elapsed: 0.268 s <<< FAILURE! - in com.example.delivery.delivery_backend.ProdutosMicroserviceApplicationTests
com.example.delivery.delivery_backend.ProdutosMicroserviceApplicationTests  Time elapsed: 0.268 s  <<< ERROR!
java.lang.IllegalStateException: Unable to find a @SpringBootConfiguration, you need to use @ContextConfiguration or @SpringBootTest(classes=...) with your test

