-------------------------------------------------------------------------------
Test set: com.example.produtos.controller.ProdutoControllerIntegrationTest
-------------------------------------------------------------------------------
Tests run: 2, Failures: 2, Errors: 0, Skipped: 0, Time elapsed: 28.57 s <<< FAILURE! - in com.example.produtos.controller.ProdutoControllerIntegrationTest
buscarProduto_QuandoProdutoExiste_DeveRetornarProduto  Time elapsed: 0.51 s  <<< FAILURE!
java.lang.AssertionError: Status expected:<200> but was:<401>
	at com.example.produtos.controller.ProdutoControllerIntegrationTest.buscarProduto_QuandoProdutoExiste_DeveRetornarProduto(ProdutoControllerIntegrationTest.java:63)

criarProduto_DeveRetornarProdutoCriado  Time elapsed: 0.112 s  <<< FAILURE!
java.lang.AssertionError: Status expected:<201> but was:<401>
	at com.example.produtos.controller.ProdutoControllerIntegrationTest.criarProduto_DeveRetornarProdutoCriado(ProdutoControllerIntegrationTest.java:46)

