<?xml version="1.0" encoding="UTF-8"?>
<testsuite xmlns:xsi="http://www.w3.org/2001/XMLSchema-instance" xsi:noNamespaceSchemaLocation="https://maven.apache.org/surefire/maven-surefire-plugin/xsd/surefire-test-report.xsd" name="com.example.produtos.controller.ProdutoControllerIntegrationTest" time="6.839" tests="2" errors="0" skipped="0" failures="2">
  <properties>
[...]
</properties>
  <testcase name="buscarProduto_QuandoProdutoExiste_DeveRetornarProduto" classname="com.example.produtos.controller.ProdutoControllerIntegrationTest" time="0.292">
    <failure message="Status expected:&lt;200&gt; but was:&lt;401&gt;" type="java.lang.AssertionError"><![CDATA[java.lang.AssertionError: Status expected:<200> but was:<401>
	at com.example.produtos.controller.ProdutoControllerIntegrationTest.buscarProduto_QuandoProdutoExiste_DeveRetornarProduto(ProdutoControllerIntegrationTest.java:63)
]]></failure>
    <system-out><![CDATA[22:22:51.511 [main] DEBUG org.springframework.test.context.BootstrapUtils - Instantiating CacheAwareContextLoaderDelegate from class [org.springframework.test.context.cache.DefaultCacheAwareContextLoaderDelegate]
22:22:51.527 [main] DEBUG org.springframework.test.context.BootstrapUtils - Instantiating BootstrapContext using constructor [public org.springframework.test.context.support.DefaultBootstrapContext(java.lang.Class,org.springframework.test.context.CacheAwareContextLoaderDelegate)]
22:22:51.594 [main] DEBUG org.springframework.test.context.BootstrapUtils - Instantiating TestContextBootstrapper for test class [com.example.produtos.controller.ProdutoControllerIntegrationTest] from class [org.springframework.boot.test.context.SpringBootTestContextBootstrapper]
22:22:51.611 [main] INFO org.springframework.boot.test.context.SpringBootTestContextBootstrapper - Neither @ContextConfiguration nor @ContextHierarchy found for test class [com.example.produtos.controller.ProdutoControllerIntegrationTest], using SpringBootContextLoader
22:22:51.619 [main] DEBUG org.springframework.test.context.support.AbstractContextLoader - Did not detect default resource location for test class [com.example.produtos.controller.ProdutoControllerIntegrationTest]: class path resource [com/example/produtos/controller/ProdutoControllerIntegrationTest-context.xml] does not exist
22:22:51.619 [main] DEBUG org.springframework.test.context.support.AbstractContextLoader - Did not detect default resource location for test class [com.example.produtos.controller.ProdutoControllerIntegrationTest]: class path resource [com/example/produtos/controller/ProdutoControllerIntegrationTestContext.groovy] does not exist
22:22:51.620 [main] INFO org.springframework.test.context.support.AbstractContextLoader - Could not detect default resource locations for test class [com.example.produtos.controller.ProdutoControllerIntegrationTest]: no resource found for suffixes {-context.xml, Context.groovy}.
22:22:51.621 [main] INFO org.springframework.test.context.support.AnnotationConfigContextLoaderUtils - Could not detect default configuration classes for test class [com.example.produtos.controller.ProdutoControllerIntegrationTest]: ProdutoControllerIntegrationTest does not declare any static, non-private, non-final, nested classes annotated with @Configuration.
22:22:51.693 [main] DEBUG org.springframework.test.context.support.ActiveProfilesUtils - Could not find an 'annotation declaring class' for annotation type [org.springframework.test.context.ActiveProfiles] and class [com.example.produtos.controller.ProdutoControllerIntegrationTest]
22:22:51.764 [main] DEBUG org.springframework.context.annotation.ClassPathScanningCandidateComponentProvider - Identified candidate component class: file [C:\Users\guiro\projeto-produtos\target\classes\com\example\produtos\ProdutosMicroserviceApplication.class]
22:22:51.765 [main] INFO org.springframework.boot.test.context.SpringBootTestContextBootstrapper - Found @SpringBootConfiguration com.example.produtos.ProdutosMicroserviceApplication for test class com.example.produtos.controller.ProdutoControllerIntegrationTest
22:22:51.891 [main] DEBUG org.springframework.boot.test.context.SpringBootTestContextBootstrapper - @TestExecutionListeners is not present for class [com.example.produtos.controller.ProdutoControllerIntegrationTest]: using defaults.
22:22:51.892 [main] INFO org.springframework.boot.test.context.SpringBootTestContextBootstrapper - Loaded default TestExecutionListener class names from location [META-INF/spring.factories]: [org.springframework.boot.test.mock.mockito.MockitoTestExecutionListener, org.springframework.boot.test.mock.mockito.ResetMocksTestExecutionListener, org.springframework.boot.test.autoconfigure.restdocs.RestDocsTestExecutionListener, org.springframework.boot.test.autoconfigure.web.client.MockRestServiceServerResetTestExecutionListener, org.springframework.boot.test.autoconfigure.web.servlet.MockMvcPrintOnlyOnFailureTestExecutionListener, org.springframework.boot.test.autoconfigure.web.servlet.WebDriverTestExecutionListener, org.springframework.boot.test.autoconfigure.webservices.client.MockWebServiceServerTestExecutionListener, org.springframework.test.context.web.ServletTestExecutionListener, org.springframework.test.context.support.DirtiesContextBeforeModesTestExecutionListener, org.springframework.test.context.event.ApplicationEventsTestExecutionListener, org.springframework.test.context.support.DependencyInjectionTestExecutionListener, org.springframework.test.context.support.DirtiesContextTestExecutionListener, org.springframework.test.context.transaction.TransactionalTestExecutionListener, org.springframework.test.context.jdbc.SqlScriptsTestExecutionListener, org.springframework.test.context.event.EventPublishingTestExecutionListener, org.springframework.security.test.context.support.WithSecurityContextTestExecutionListener, org.springframework.security.test.context.support.ReactorContextTestExecutionListener]
22:22:51.922 [main] INFO org.springframework.boot.test.context.SpringBootTestContextBootstrapper - Using TestExecutionListeners: [org.springframework.test.context.web.ServletTestExecutionListener@5f01fb5c, org.springframework.test.context.support.DirtiesContextBeforeModesTestExecutionListener@75c77add, org.springframework.test.context.event.ApplicationEventsTestExecutionListener@d5e3f55, org.springframework.boot.test.mock.mockito.MockitoTestExecutionListener@53df7e67, org.springframework.boot.test.autoconfigure.SpringBootDependencyInjectionTestExecutionListener@3d4b45b, org.springframework.test.context.support.DirtiesContextTestExecutionListener@4d0b276e, org.springframework.test.context.transaction.TransactionalTestExecutionListener@31531d0d, org.springframework.test.context.jdbc.SqlScriptsTestExecutionListener@19d76106, org.springframework.test.context.event.EventPublishingTestExecutionListener@3f87780b, org.springframework.security.test.context.support.WithSecurityContextTestExecutionListener@2ba318c2, org.springframework.security.test.context.support.ReactorContextTestExecutionListener@231d3ce, org.springframework.boot.test.mock.mockito.ResetMocksTestExecutionListener@204c5ddf, org.springframework.boot.test.autoconfigure.restdocs.RestDocsTestExecutionListener@240f2efd, org.springframework.boot.test.autoconfigure.web.client.MockRestServiceServerResetTestExecutionListener@175957b6, org.springframework.boot.test.autoconfigure.web.servlet.MockMvcPrintOnlyOnFailureTestExecutionListener@1b7a4930, org.springframework.boot.test.autoconfigure.web.servlet.WebDriverTestExecutionListener@591a4d25, org.springframework.boot.test.autoconfigure.webservices.client.MockWebServiceServerTestExecutionListener@4bfe83d]
22:22:51.927 [main] DEBUG org.springframework.test.context.support.AbstractDirtiesContextTestExecutionListener - Before test class: context [DefaultTestContext@3c5e4aac testClass = ProdutoControllerIntegrationTest, testInstance = [null], testMethod = [null], testException = [null], mergedContextConfiguration = [WebMergedContextConfiguration@20afd96f testClass = ProdutoControllerIntegrationTest, locations = '{}', classes = '{class com.example.produtos.ProdutosMicroserviceApplication}', contextInitializerClasses = '[]', activeProfiles = '{}', propertySourceLocations = '{}', propertySourceProperties = '{org.springframework.boot.test.context.SpringBootTestContextBootstrapper=true}', contextCustomizers = set[[ImportsContextCustomizer@565a6af key = [org.springframework.boot.test.autoconfigure.web.servlet.MockMvcWebDriverAutoConfiguration, org.springframework.boot.test.autoconfigure.web.servlet.MockMvcAutoConfiguration, org.springframework.boot.autoconfigure.security.oauth2.client.servlet.OAuth2ClientAutoConfiguration, org.springframework.boot.autoconfigure.security.servlet.SecurityAutoConfiguration, org.springframework.boot.autoconfigure.security.servlet.SecurityFilterAutoConfiguration, org.springframework.boot.autoconfigure.security.servlet.UserDetailsServiceAutoConfiguration, org.springframework.boot.autoconfigure.security.oauth2.resource.servlet.OAuth2ResourceServerAutoConfiguration, org.springframework.boot.test.autoconfigure.web.servlet.MockMvcSecurityConfiguration, org.springframework.boot.test.autoconfigure.web.servlet.MockMvcWebClientAutoConfiguration, org.springframework.boot.test.autoconfigure.web.reactive.WebTestClientAutoConfiguration]], org.springframework.boot.test.context.filter.ExcludeFilterContextCustomizer@d5e575c, org.springframework.boot.test.json.DuplicateJsonObjectContextCustomizerFactory$DuplicateJsonObjectContextCustomizer@7f2c57fe, org.springframework.boot.test.mock.mockito.MockitoContextCustomizer@0, org.springframework.boot.test.web.client.TestRestTemplateContextCustomizer@7f8a9454, org.springframework.boot.test.autoconfigure.actuate.metrics.MetricsExportContextCustomizerFactory$DisableMetricExportContextCustomizer@5eed6dfb, org.springframework.boot.test.autoconfigure.properties.PropertyMappingContextCustomizer@4b3fa0b3, org.springframework.boot.test.autoconfigure.web.servlet.WebDriverContextCustomizerFactory$Customizer@3b11620a, org.springframework.boot.test.context.SpringBootTestArgs@1, org.springframework.boot.test.context.SpringBootTestWebEnvironment@466cf502], resourceBasePath = 'src/main/webapp', contextLoader = 'org.springframework.boot.test.context.SpringBootContextLoader', parent = [null]], attributes = map['org.springframework.test.context.web.ServletTestExecutionListener.activateListener' -> true]], class annotated with @DirtiesContext [false] with mode [null].

  .   ____          _            __ _ _
 /\\ / ___'_ __ _ _(_)_ __  __ _ \ \ \ \
( ( )\___ | '_ | '_| | '_ \/ _` | \ \ \ \
 \\/  ___)| |_)| | | | | || (_| |  ) ) ) )
  '  |____| .__|_| |_|_| |_\__, | / / / /
 =========|_|==============|___/=/_/_/_/
 :: Spring Boot ::               (v2.7.18)

{"@timestamp":"2024-12-03T22:22:52.456-03:00","@version":"1","message":"HV000001: Hibernate Validator 6.2.5.Final","logger_name":"org.hibernate.validator.internal.util.Version","thread_name":"background-preinit","level":"INFO","level_value":20000}
{"@timestamp":"2024-12-03T22:22:52.466-03:00","@version":"1","message":"Starting ProdutoControllerIntegrationTest using Java 11.0.14 on PC-GUI with PID 13908 (started by guiro in C:\\Users\\guiro\\projeto-produtos)","logger_name":"com.example.produtos.controller.ProdutoControllerIntegrationTest","thread_name":"main","level":"INFO","level_value":20000}
{"@timestamp":"2024-12-03T22:22:52.467-03:00","@version":"1","message":"Running with Spring Boot v2.7.18, Spring v5.3.31","logger_name":"com.example.produtos.controller.ProdutoControllerIntegrationTest","thread_name":"main","level":"DEBUG","level_value":10000}
{"@timestamp":"2024-12-03T22:22:52.467-03:00","@version":"1","message":"No active profile set, falling back to 1 default profile: \"default\"","logger_name":"com.example.produtos.controller.ProdutoControllerIntegrationTest","thread_name":"main","level":"INFO","level_value":20000}
{"@timestamp":"2024-12-03T22:22:53.299-03:00","@version":"1","message":"Bootstrapping Spring Data JPA repositories in DEFAULT mode.","logger_name":"org.springframework.data.repository.config.RepositoryConfigurationDelegate","thread_name":"main","level":"INFO","level_value":20000}
{"@timestamp":"2024-12-03T22:22:53.339-03:00","@version":"1","message":"Finished Spring Data repository scanning in 32 ms. Found 1 JPA repository interfaces.","logger_name":"org.springframework.data.repository.config.RepositoryConfigurationDelegate","thread_name":"main","level":"INFO","level_value":20000}
{"@timestamp":"2024-12-03T22:22:53.571-03:00","@version":"1","message":"BeanFactory id=0cb71da8-41ee-3098-8167-06a8beef933f","logger_name":"org.springframework.cloud.context.scope.GenericScope","thread_name":"main","level":"INFO","level_value":20000}
{"@timestamp":"2024-12-03T22:22:54.038-03:00","@version":"1","message":"HikariPool-1 - Starting...","logger_name":"com.zaxxer.hikari.HikariDataSource","thread_name":"main","level":"INFO","level_value":20000}
{"@timestamp":"2024-12-03T22:22:54.427-03:00","@version":"1","message":"HikariPool-1 - Start completed.","logger_name":"com.zaxxer.hikari.HikariDataSource","thread_name":"main","level":"INFO","level_value":20000}
{"@timestamp":"2024-12-03T22:22:54.625-03:00","@version":"1","message":"HHH000204: Processing PersistenceUnitInfo [name: default]","logger_name":"org.hibernate.jpa.internal.util.LogHelper","thread_name":"main","level":"INFO","level_value":20000}
{"@timestamp":"2024-12-03T22:22:54.684-03:00","@version":"1","message":"HHH000412: Hibernate ORM core version 5.6.15.Final","logger_name":"org.hibernate.Version","thread_name":"main","level":"INFO","level_value":20000}
{"@timestamp":"2024-12-03T22:22:54.83-03:00","@version":"1","message":"HCANN000001: Hibernate Commons Annotations {5.1.2.Final}","logger_name":"org.hibernate.annotations.common.Version","thread_name":"main","level":"INFO","level_value":20000}
{"@timestamp":"2024-12-03T22:22:54.968-03:00","@version":"1","message":"HHH000400: Using dialect: org.hibernate.dialect.H2Dialect","logger_name":"org.hibernate.dialect.Dialect","thread_name":"main","level":"INFO","level_value":20000}
Hibernate: create table produtos (id bigint generated by default as identity, descricao varchar(255) not null, nome varchar(255) not null, preco double not null, quantidade integer not null, primary key (id))
{"@timestamp":"2024-12-03T22:22:55.459-03:00","@version":"1","message":"HHH000490: Using JtaPlatform implementation: [org.hibernate.engine.transaction.jta.platform.internal.NoJtaPlatform]","logger_name":"org.hibernate.engine.transaction.jta.platform.internal.JtaPlatformInitiator","thread_name":"main","level":"INFO","level_value":20000}
{"@timestamp":"2024-12-03T22:22:55.468-03:00","@version":"1","message":"Initialized JPA EntityManagerFactory for persistence unit 'default'","logger_name":"org.springframework.orm.jpa.LocalContainerEntityManagerFactoryBean","thread_name":"main","level":"INFO","level_value":20000}
{"@timestamp":"2024-12-03T22:22:56.054-03:00","@version":"1","message":"Will secure any request with [org.springframework.security.web.session.DisableEncodeUrlFilter@27553690, org.springframework.security.web.context.request.async.WebAsyncManagerIntegrationFilter@2add5178, org.springframework.security.web.context.SecurityContextPersistenceFilter@63f47e76, org.springframework.security.web.header.HeaderWriterFilter@33b887b6, org.springframework.security.web.authentication.logout.LogoutFilter@beacda8, org.springframework.security.oauth2.server.resource.web.BearerTokenAuthenticationFilter@4cd0daf7, org.springframework.security.web.savedrequest.RequestCacheAwareFilter@498341d3, org.springframework.security.web.servletapi.SecurityContextHolderAwareRequestFilter@52c9bfca, org.springframework.security.web.authentication.AnonymousAuthenticationFilter@7bac0720, org.springframework.security.web.session.SessionManagementFilter@643ef6a5, org.springframework.security.web.access.ExceptionTranslationFilter@33a9d2ca, org.springframework.security.web.access.intercept.FilterSecurityInterceptor@6119ee47]","logger_name":"org.springframework.security.web.DefaultSecurityFilterChain","thread_name":"main","level":"INFO","level_value":20000}
{"@timestamp":"2024-12-03T22:22:56.455-03:00","@version":"1","message":"spring.jpa.open-in-view is enabled by default. Therefore, database queries may be performed during view rendering. Explicitly configure spring.jpa.open-in-view to disable this warning","logger_name":"org.springframework.boot.autoconfigure.orm.jpa.JpaBaseConfiguration$JpaWebConfiguration","thread_name":"main","level":"WARN","level_value":30000}
{"@timestamp":"2024-12-03T22:22:56.837-03:00","@version":"1","message":"H2 console available at '/h2-console'. Database available at 'jdbc:h2:mem:produtosdb'","logger_name":"org.springframework.boot.autoconfigure.h2.H2ConsoleAutoConfiguration","thread_name":"main","level":"INFO","level_value":20000}
{"@timestamp":"2024-12-03T22:22:57.783-03:00","@version":"1","message":"Initializing Spring TestDispatcherServlet ''","logger_name":"org.springframework.boot.test.mock.web.SpringBootMockServletContext","thread_name":"main","level":"INFO","level_value":20000}
{"@timestamp":"2024-12-03T22:22:57.783-03:00","@version":"1","message":"Initializing Servlet ''","logger_name":"org.springframework.test.web.servlet.TestDispatcherServlet","thread_name":"main","level":"INFO","level_value":20000}
{"@timestamp":"2024-12-03T22:22:57.788-03:00","@version":"1","message":"Exposing 3 endpoint(s) beneath base path '/actuator'","logger_name":"org.springframework.boot.actuate.endpoint.web.EndpointLinksResolver","thread_name":"main","level":"INFO","level_value":20000}
{"@timestamp":"2024-12-03T22:22:57.803-03:00","@version":"1","message":"Completed initialization in 20 ms","logger_name":"org.springframework.test.web.servlet.TestDispatcherServlet","thread_name":"main","level":"INFO","level_value":20000}
{"@timestamp":"2024-12-03T22:22:57.912-03:00","@version":"1","message":"Started ProdutoControllerIntegrationTest in 5.944 seconds (JVM running for 7.0)","logger_name":"com.example.produtos.controller.ProdutoControllerIntegrationTest","thread_name":"main","level":"INFO","level_value":20000}
Hibernate: insert into produtos (id, descricao, nome, preco, quantidade) values (default, ?, ?, ?, ?)
Hibernate: select produto0_.id as id1_0_, produto0_.descricao as descrica2_0_, produto0_.nome as nome3_0_, produto0_.preco as preco4_0_, produto0_.quantidade as quantida5_0_ from produtos produto0_
Hibernate: delete from produtos where id=?

MockHttpServletRequest:
      HTTP Method = GET
      Request URI = /api/produtos/1
       Parameters = {}
          Headers = []
             Body = null
    Session Attrs = {SPRING_SECURITY_SAVED_REQUEST=DefaultSavedRequest [http://localhost/api/produtos/1]}

Handler:
             Type = null

Async:
    Async started = false
     Async result = null

Resolved Exception:
             Type = null

ModelAndView:
        View name = null
             View = null
            Model = null

FlashMap:
       Attributes = null

MockHttpServletResponse:
           Status = 401
    Error message = null
          Headers = [WWW-Authenticate:"Bearer", X-Content-Type-Options:"nosniff", X-XSS-Protection:"1; mode=block", Cache-Control:"no-cache, no-store, max-age=0, must-revalidate", Pragma:"no-cache", Expires:"0", X-Frame-Options:"SAMEORIGIN"]
     Content type = null
             Body = 
    Forwarded URL = null
   Redirected URL = null
          Cookies = []
]]></system-out>
  </testcase>
  <testcase name="criarProduto_DeveRetornarProdutoCriado" classname="com.example.produtos.controller.ProdutoControllerIntegrationTest" time="0.033">
    <failure message="Status expected:&lt;201&gt; but was:&lt;401&gt;" type="java.lang.AssertionError"><![CDATA[java.lang.AssertionError: Status expected:<201> but was:<401>
	at com.example.produtos.controller.ProdutoControllerIntegrationTest.criarProduto_DeveRetornarProdutoCriado(ProdutoControllerIntegrationTest.java:46)
]]></failure>
    <system-out><![CDATA[Hibernate: select produto0_.id as id1_0_, produto0_.descricao as descrica2_0_, produto0_.nome as nome3_0_, produto0_.preco as preco4_0_, produto0_.quantidade as quantida5_0_ from produtos produto0_

MockHttpServletRequest:
      HTTP Method = POST
      Request URI = /api/produtos
       Parameters = {}
          Headers = [Content-Type:"application/json;charset=UTF-8", Content-Length:"97"]
             Body = {"nome":"Novo Produto","descricao":"Descrição do Novo Produto","preco":15.99,"quantidade":null}
    Session Attrs = {SPRING_SECURITY_SAVED_REQUEST=DefaultSavedRequest [http://localhost/api/produtos]}

Handler:
             Type = null

Async:
    Async started = false
     Async result = null

Resolved Exception:
             Type = null

ModelAndView:
        View name = null
             View = null
            Model = null

FlashMap:
       Attributes = null

MockHttpServletResponse:
           Status = 401
    Error message = null
          Headers = [WWW-Authenticate:"Bearer", X-Content-Type-Options:"nosniff", X-XSS-Protection:"1; mode=block", Cache-Control:"no-cache, no-store, max-age=0, must-revalidate", Pragma:"no-cache", Expires:"0", X-Frame-Options:"SAMEORIGIN"]
     Content type = null
             Body = 
    Forwarded URL = null
   Redirected URL = null
          Cookies = []
]]></system-out>
  </testcase>
</testsuite>